2022-11-02 21:02:09,574	DEBUG	file_stream	Start run
2022-11-02 21:02:09,578	DEBUG	file_stream	Dataset shape: (297, 14)
2022-11-02 21:02:09,579	DEBUG	file_stream	Split data on train and test set
2022-11-02 21:02:09,579	DEBUG	file_stream	Train set size: 207, test set size: 90
2022-11-02 21:02:09,594	DEBUG	file_stream	Train shape: (207, 28)
2022-11-02 21:02:09,594	INFO	file_stream	Train model with TrainingParams(model='LogisticRegression', model_params=None, random_state=None) params
2022-11-02 21:02:09,625	INFO	file_stream	Train scores: {'accuracy': 0.8696, 'f1': 0.8586, 'roc_auc': 0.8681}
2022-11-02 21:02:09,630	DEBUG	file_stream	Test shape: (90, 28)
2022-11-02 21:02:09,632	INFO	file_stream	Test scores: {'accuracy': 0.8889, 'f1': 0.8649, 'roc_auc': 0.88}
2022-11-02 21:02:56,035	DEBUG	file_stream	Start run
2022-11-02 21:02:56,039	DEBUG	file_stream	Dataset shape: (297, 14)
2022-11-02 21:02:56,040	DEBUG	file_stream	Split data on train and test set
2022-11-02 21:02:56,040	DEBUG	file_stream	Train set size: 207, test set size: 90
2022-11-02 21:02:56,055	DEBUG	file_stream	Train shape: (207, 28)
2022-11-02 21:02:56,055	INFO	file_stream	Train model with TrainingParams(model='LogisticRegression', model_params=None, random_state=None) params
2022-11-02 21:02:56,068	INFO	file_stream	Train scores: {'accuracy': 0.8696, 'f1': 0.8402, 'roc_auc': 0.8614}
2022-11-02 21:02:56,074	DEBUG	file_stream	Test shape: (90, 28)
2022-11-02 21:02:56,076	INFO	file_stream	Test scores: {'accuracy': 0.8556, 'f1': 0.866, 'roc_auc': 0.8554}
2022-11-02 21:03:37,185	DEBUG	file_stream	Start run
2022-11-02 21:03:37,190	DEBUG	file_stream	Dataset shape: (297, 14)
2022-11-02 21:03:37,190	DEBUG	file_stream	Split data on train and test set
2022-11-02 21:03:37,191	DEBUG	file_stream	Train set size: 207, test set size: 90
2022-11-02 21:03:37,206	DEBUG	file_stream	Train shape: (207, 28)
2022-11-02 21:03:37,206	INFO	file_stream	Training params TrainingParams(model='LogisticRegression', model_params=None, random_state=None) params
2022-11-02 21:03:37,237	INFO	file_stream	Train scores: {'accuracy': 0.8696, 'f1': 0.8439, 'roc_auc': 0.8623}
2022-11-02 21:03:37,243	DEBUG	file_stream	Test shape: (90, 28)
2022-11-02 21:03:37,244	INFO	file_stream	Test scores: {'accuracy': 0.8667, 'f1': 0.8723, 'roc_auc': 0.8661}


2022-11-02 21:04:15,779	DEBUG	file_stream	Start run
2022-11-02 21:04:15,784	DEBUG	file_stream	Dataset shape: (297, 14)
2022-11-02 21:04:15,784	DEBUG	file_stream	Split data on train and test set
2022-11-02 21:04:15,785	DEBUG	file_stream	Train set size: 207, test set size: 90
2022-11-02 21:04:15,799	DEBUG	file_stream	Train shape: (207, 28)
2022-11-02 21:04:15,799	INFO	file_stream	Training params TrainingParams(model='LogisticRegression', model_params=None, random_state=None) params
2022-11-02 21:04:15,832	INFO	file_stream	Train scores: {'accuracy': 0.8696, 'f1': 0.8525, 'roc_auc': 0.8662}
2022-11-02 21:04:15,838	DEBUG	file_stream	Test shape: (90, 28)
2022-11-02 21:04:15,840	INFO	file_stream	Test scores: {'accuracy': 0.8667, 'f1': 0.8421, 'roc_auc': 0.8615}


2022-11-02 22:01:16,418	DEBUG	file_stream	Start run
2022-11-02 22:01:16,423	DEBUG	file_stream	Dataset shape: (297, 14)
2022-11-02 22:01:16,425	DEBUG	file_stream	Train set size: 207, test set size: 90
2022-11-02 22:01:16,438	DEBUG	file_stream	Train shape: (207, 28)
2022-11-02 22:01:16,438	INFO	file_stream	Training params TrainingParams(model='LogisticRegression', model_params=None, random_state=None) params
2022-11-02 22:01:16,469	INFO	file_stream	Train scores: {'accuracy': 0.8647, 'f1': 0.8627, 'roc_auc': 0.8647}
2022-11-02 22:01:16,474	DEBUG	file_stream	Test shape: (90, 28)
2022-11-02 22:01:16,476	INFO	file_stream	Test scores: {'accuracy': 0.8667, 'f1': 0.8125, 'roc_auc': 0.8466}

